#
# A fatal error has been detected by the Java Runtime Environment:
#
#  EXCEPTION_ACCESS_VIOLATION (0xc0000005) at pc=0x0000000000000000, pid=17132, tid=0x00000000000029d4
#
# JRE version: Java(TM) SE Runtime Environment (8.0_241-b07) (build 1.8.0_241-b07)
# Java VM: Java HotSpot(TM) 64-Bit Server VM (25.241-b07 mixed mode windows-amd64 compressed oops)
# Problematic frame:
# C  0x0000000000000000
#
# Failed to write core dump. Minidumps are not enabled by default on client versions of Windows
#
# If you would like to submit a bug report, please visit:
#   http://bugreport.java.com/bugreport/crash.jsp
# The crash happened outside the Java Virtual Machine in native code.
# See problematic frame for where to report the bug.
#

---------------  T H R E A D  ---------------

Current thread (0x0000000027be3000):  JavaThread "AWT-Windows" daemon [_thread_in_native, id=10708, stack(0x00000000291e0000,0x00000000292e0000)]

siginfo: ExceptionCode=0xc0000005, ExceptionInformation=0x0000000000000008 0x0000000000000000

Registers:
RAX=0x0000000000000000, RBX=0x0000000030eb82b0, RCX=0x0000000000000000, RDX=0x000000002dd933d0
RSP=0x00000000292dec38, RBP=0x0000000000000001, RSI=0x0000000000000000, RDI=0x0000000029686f60
R8 =0x0000000030eb82b0, R9 =0x0000000000000001, R10=0x0000000000008000, R11=0x00000000292deda0
R12=0x0000000000000000, R13=0x0000000024f510c8, R14=0x00000000292df098, R15=0x0000000027be3000
RIP=0x0000000000000000, EFLAGS=0x0000000000010202

Top of Stack: (sp=0x00000000292dec38)
0x00000000292dec38:   00007ffb70a55dcf fffffbc800000000
0x00000000292dec48:   0000000065f4a0e0 00000000317b0450
0x00000000292dec58:   0000000065000049 0000000030e8cbc0
0x00000000292dec68:   00007ffb70a4150e 0000000000000000
0x00000000292dec78:   00000000298c2ea0 00000000317b0600
0x00000000292dec88:   0000000065ede07b 0000000029686f60
0x00000000292dec98:   0000000030eb82b0 fffffffffffffffe
0x00000000292deca8:   fffffffffffffffe 00000000292df098
0x00000000292decb8:   00007ffb70a4141e 0000000030e8cbc8
0x00000000292decc8:   0000000000000001 0000000000000000
0x00000000292decd8:   0000000027be3000 0000000030e8cbc8
0x00000000292dece8:   00007ffb70a3386f 00000000292df078
0x00000000292decf8:   0000000000000001 0000000000000000
0x00000000292ded08:   00000000292df098 000000002dcbf288
0x00000000292ded18:   00007ffb70a43b49 0000000000af0000
0x00000000292ded28:   0000000000af0000 0000000000000000 

Instructions: (pc=0x0000000000000000)
0xffffffffffffffe0:   


Register to memory mapping:

RAX=0x0000000000000000 is an unknown value
RBX=0x0000000030eb82b0 is an unknown value
RCX=0x0000000000000000 is an unknown value
RDX=0x000000002dd933d0 is an unknown value
RSP=0x00000000292dec38 is pointing into the stack for thread: 0x0000000027be3000
RBP=0x0000000000000001 is an unknown value
RSI=0x0000000000000000 is an unknown value
RDI=0x0000000029686f60 is an unknown value
R8 =0x0000000030eb82b0 is an unknown value
R9 =0x0000000000000001 is an unknown value
R10=0x0000000000008000 is an unknown value
R11=0x00000000292deda0 is pointing into the stack for thread: 0x0000000027be3000
R12=0x0000000000000000 is an unknown value
R13={method} {0x0000000024f510d0} 'eventLoop' '()V' in 'sun/awt/windows/WToolkit'
R14=0x00000000292df098 is pointing into the stack for thread: 0x0000000027be3000
R15=0x0000000027be3000 is a thread


Stack: [0x00000000291e0000,0x00000000292e0000],  sp=0x00000000292dec38,  free space=1019k
Native frames: (J=compiled Java code, j=interpreted, Vv=VM code, C=native code)

Java frames: (J=compiled Java code, j=interpreted, Vv=VM code)
j  sun.awt.windows.WToolkit.eventLoop()V+0
j  sun.awt.windows.WToolkit.run()V+58
j  java.lang.Thread.run()V+11
v  ~StubRoutines::call_stub

---------------  P R O C E S S  ---------------

Java Threads: ( => current thread )
  0x0000000034f74000 JavaThread "Thread-2" daemon [_thread_in_native, id=2464, stack(0x00000000293d0000,0x00000000294d0000)]
  0x0000000027c2e800 JavaThread "update thread" [_thread_in_Java, id=16360, stack(0x00000000319f0000,0x0000000031af0000)]
  0x0000000027c28000 JavaThread "AWT-EventQueue-0" [_thread_blocked, id=11652, stack(0x00000000317f0000,0x00000000318f0000)]
=>0x0000000027be3000 JavaThread "AWT-Windows" daemon [_thread_in_native, id=10708, stack(0x00000000291e0000,0x00000000292e0000)]
  0x0000000027be2000 JavaThread "AWT-Shutdown" [_thread_blocked, id=3508, stack(0x00000000290e0000,0x00000000291e0000)]
  0x0000000027b88800 JavaThread "Direct Clip" daemon [_thread_blocked, id=8756, stack(0x0000000028fe0000,0x00000000290e0000)]
  0x0000000027b82800 JavaThread "Java Sound Event Dispatcher" daemon [_thread_blocked, id=15840, stack(0x0000000028ae0000,0x0000000028be0000)]
  0x0000000027714000 JavaThread "Java2D Disposer" daemon [_thread_blocked, id=17448, stack(0x0000000027a70000,0x0000000027b70000)]
  0x000000002739b000 JavaThread "Service Thread" daemon [_thread_blocked, id=11616, stack(0x0000000027730000,0x0000000027830000)]
  0x00000000253ca800 JavaThread "C1 CompilerThread2" daemon [_thread_blocked, id=4056, stack(0x0000000027230000,0x0000000027330000)]
  0x00000000253c3800 JavaThread "C2 CompilerThread1" daemon [_thread_blocked, id=10792, stack(0x0000000027130000,0x0000000027230000)]
  0x00000000253c0800 JavaThread "C2 CompilerThread0" daemon [_thread_blocked, id=2460, stack(0x0000000027030000,0x0000000027130000)]
  0x00000000253bc000 JavaThread "Attach Listener" daemon [_thread_blocked, id=18324, stack(0x0000000026f30000,0x0000000027030000)]
  0x00000000253b9800 JavaThread "Signal Dispatcher" daemon [_thread_blocked, id=12576, stack(0x0000000026e30000,0x0000000026f30000)]
  0x000000000254d000 JavaThread "Finalizer" daemon [_thread_blocked, id=6320, stack(0x0000000026c30000,0x0000000026d30000)]
  0x000000002539c000 JavaThread "Reference Handler" daemon [_thread_blocked, id=14612, stack(0x0000000026b30000,0x0000000026c30000)]
  0x0000000002452800 JavaThread "main" [_thread_in_native, id=6012, stack(0x0000000002350000,0x0000000002450000)]

Other Threads:
  0x0000000025378000 VMThread [stack: 0x0000000026a30000,0x0000000026b30000] [id=10088]
  0x00000000273c6000 WatcherThread [stack: 0x0000000027830000,0x0000000027930000] [id=208]

VM state:not at safepoint (normal execution)

VM Mutex/Monitor currently owned by a thread: None

heap address: 0x00000005c1200000, size: 8174 MB, Compressed Oops mode: Zero based, Oop shift amount: 3
Narrow klass base: 0x0000000000000000, Narrow klass shift: 3
Compressed class space size: 1073741824 Address: 0x00000007c0000000

Heap:
 PSYoungGen      total 153088K, used 109302K [0x0000000715b80000, 0x0000000720600000, 0x00000007c0000000)
  eden space 131584K, 83% used [0x0000000715b80000,0x000000071c63db40,0x000000071dc00000)
  from space 21504K, 0% used [0x000000071f100000,0x000000071f100000,0x0000000720600000)
  to   space 21504K, 0% used [0x000000071dc00000,0x000000071dc00000,0x000000071f100000)
 ParOldGen       total 349696K, used 0K [0x00000005c1200000, 0x00000005d6780000, 0x0000000715b80000)
  object space 349696K, 0% used [0x00000005c1200000,0x00000005c1200000,0x00000005d6780000)
 Metaspace       used 11104K, capacity 11308K, committed 11648K, reserved 1058816K
  class space    used 1245K, capacity 1332K, committed 1408K, reserved 1048576K

Card table byte_map: [0x0000000011910000,0x0000000012910000] byte_map_base: 0x000000000eb07000

Marking Bits: (ParMarkBitMap*) 0x000000006666be30
 Begin Bits: [0x00000000139c0000, 0x000000001b978000)
 End Bits:   [0x000000001b978000, 0x0000000023930000)

Polling page: 0x0000000000650000

CodeCache: size=245760Kb used=6882Kb max_used=6896Kb free=238877Kb
 bounds [0x0000000002550000, 0x0000000002c20000, 0x0000000011550000]
 total_blobs=2310 nmethods=1810 adapters=412
 compilation: enabled

Compilation events (10 events):
Event: 31.448 Thread 0x00000000253ca800 1806       3       javax.swing.SwingUtilities::appContextGet (8 bytes)
Event: 31.448 Thread 0x00000000253ca800 nmethod 1806 0x0000000002be3510 code [0x0000000002be3680, 0x0000000002be38b8]
Event: 31.568 Thread 0x00000000253c0800 1807       4       java.lang.String::split (326 bytes)
Event: 31.610 Thread 0x00000000253c0800 nmethod 1807 0x0000000002c10350 code [0x0000000002c105a0, 0x0000000002c127b8]
Event: 32.076 Thread 0x00000000253c3800 1808       4       sun.awt.EventQueueDelegate::getDelegate (13 bytes)
Event: 32.076 Thread 0x00000000253c3800 nmethod 1808 0x0000000002c03f50 code [0x0000000002c040a0, 0x0000000002c041e8]
Event: 32.727 Thread 0x00000000253c0800 1809       4       sun.java2d.SunGraphics2D::<init> (180 bytes)
Event: 32.731 Thread 0x00000000253c0800 nmethod 1809 0x0000000002be0410 code [0x0000000002be05c0, 0x0000000002be0c58]
Event: 33.095 Thread 0x00000000253c3800 1810       4       java.awt.Color::<init> (72 bytes)
Event: 33.096 Thread 0x00000000253c3800 nmethod 1810 0x0000000002bdfed0 code [0x0000000002be0020, 0x0000000002be01b8]

GC Heap History (0 events):
No events

Deoptimization events (10 events):
Event: 29.853 Thread 0x0000000027c28000 Uncommon trap: reason=bimorphic action=maybe_recompile pc=0x0000000002b3d3ac method=sun.java2d.SunGraphics2D.validateColor()V @ 95
Event: 29.853 Thread 0x0000000002452800 Uncommon trap: reason=class_check action=maybe_recompile pc=0x0000000002ab0b68 method=sun.java2d.d3d.D3DRenderer.validateContext(Lsun/java2d/SunGraphics2D;)V @ 4
Event: 29.853 Thread 0x0000000002452800 Uncommon trap: reason=unstable_if action=reinterpret pc=0x0000000002bb665c method=sun.java2d.pipe.BufferedContext.validate(Lsun/java2d/pipe/hw/AccelSurface;Lsun/java2d/pipe/hw/AccelSurface;Lsun/java2d/pipe/Region;Ljava/awt/Composite;Ljava/awt/geom/AffineT
Event: 29.854 Thread 0x0000000027c28000 Uncommon trap: reason=bimorphic action=maybe_recompile pc=0x0000000002a53348 method=sun.java2d.SunGraphics2D.drawImage(Ljava/awt/Image;IILjava/awt/Color;Ljava/awt/image/ImageObserver;)Z @ 66
Event: 29.854 Thread 0x0000000027c28000 Uncommon trap: reason=class_check action=maybe_recompile pc=0x0000000002a20428 method=sun.java2d.SurfaceData.getSourceSurfaceData(Ljava/awt/Image;ILsun/java2d/loops/CompositeType;Ljava/awt/Color;)Lsun/java2d/SurfaceData; @ 38
Event: 29.854 Thread 0x0000000027c28000 Uncommon trap: reason=unstable_if action=reinterpret pc=0x0000000002b26530 method=sun.java2d.Disposer.add(Ljava/lang/Object;Lsun/java2d/DisposerRecord;)V @ 4
Event: 29.856 Thread 0x0000000027c28000 Uncommon trap: reason=unstable_if action=reinterpret pc=0x0000000002b2e2d8 method=java.util.WeakHashMap.put(Ljava/lang/Object;Ljava/lang/Object;)Ljava/lang/Object; @ 47
Event: 29.856 Thread 0x0000000027c28000 Uncommon trap: reason=class_check action=maybe_recompile pc=0x0000000002b5d330 method=sun.awt.SunToolkit.getAppContext(Ljava/lang/Object;)Lsun/awt/AppContext; @ 11
Event: 29.857 Thread 0x0000000027c28000 Uncommon trap: reason=class_check action=maybe_recompile pc=0x0000000002a575b0 method=sun.java2d.SurfaceData.getSourceSurfaceData(Ljava/awt/Image;ILsun/java2d/loops/CompositeType;Ljava/awt/Color;)Lsun/java2d/SurfaceData; @ 38
Event: 29.857 Thread 0x0000000027c28000 Uncommon trap: reason=class_check action=maybe_recompile pc=0x0000000002ad0a64 method=sun.java2d.pipe.BufferedContext.setSurfaces(Lsun/java2d/pipe/hw/AccelSurface;Lsun/java2d/pipe/hw/AccelSurface;)V @ 25

Classes redefined (0 events):
No events

Internal exceptions (10 events):
Event: 0.066 Thread 0x0000000002452800 Exception <a 'java/security/PrivilegedActionException'> (0x0000000715c11a28) thrown at [C:\ade\jenkins\workspace\8-2-build-windows-amd64-cygwin\jdk8u241\331\hotspot\src\share\vm\prims\jvm.cpp, line 1502]
Event: 0.066 Thread 0x0000000002452800 Exception <a 'java/security/PrivilegedActionException'> (0x0000000715c15d08) thrown at [C:\ade\jenkins\workspace\8-2-build-windows-amd64-cygwin\jdk8u241\331\hotspot\src\share\vm\prims\jvm.cpp, line 1502]
Event: 0.066 Thread 0x0000000002452800 Exception <a 'java/security/PrivilegedActionException'> (0x0000000715c16100) thrown at [C:\ade\jenkins\workspace\8-2-build-windows-amd64-cygwin\jdk8u241\331\hotspot\src\share\vm\prims\jvm.cpp, line 1502]
Event: 0.070 Thread 0x0000000002452800 Exception <a 'java/io/FileNotFoundException'> (0x0000000715c18958) thrown at [C:\ade\jenkins\workspace\8-2-build-windows-amd64-cygwin\jdk8u241\331\hotspot\src\share\vm\prims\jni.cpp, line 710]
Event: 0.091 Thread 0x0000000002452800 Exception <a 'java/lang/NoSuchFieldError': method resolution failed> (0x0000000715ce9108) thrown at [C:\ade\jenkins\workspace\8-2-build-windows-amd64-cygwin\jdk8u241\331\hotspot\src\share\vm\prims\methodHandles.cpp, line 1167]
Event: 0.092 Thread 0x0000000002452800 Exception <a 'java/lang/NoSuchFieldError': method resolution failed> (0x0000000715cf68a8) thrown at [C:\ade\jenkins\workspace\8-2-build-windows-amd64-cygwin\jdk8u241\331\hotspot\src\share\vm\prims\methodHandles.cpp, line 1167]
Event: 0.168 Thread 0x0000000002452800 Implicit null exception at 0x00000000026bd0e6 to 0x00000000026bd2c5
Event: 0.264 Thread 0x0000000002452800 Exception <a 'java/io/FileNotFoundException'> (0x0000000716b33350) thrown at [C:\ade\jenkins\workspace\8-2-build-windows-amd64-cygwin\jdk8u241\331\hotspot\src\share\vm\prims\jni.cpp, line 710]
Event: 0.476 Thread 0x0000000002452800 Implicit null exception at 0x00000000027a6418 to 0x00000000027a64a6
Event: 25.624 Thread 0x0000000027c28000 Implicit null exception at 0x0000000002aacdcc to 0x0000000002aacf99

Events (10 events):
Event: 29.857 Thread 0x0000000027c28000 DEOPT PACKING pc=0x0000000002ad0a64 sp=0x00000000318ec5d0
Event: 29.857 Thread 0x0000000027c28000 DEOPT UNPACKING pc=0x000000000259583b sp=0x00000000318ec580 mode 2
Event: 32.076 loading class sun/awt/EventQueueDelegate$Delegate
Event: 32.076 loading class sun/awt/EventQueueDelegate$Delegate done
Event: 33.253 Thread 0x0000000034f74000 Thread added: 0x0000000034f74000
Event: 33.253 Thread 0x0000000036948000 Thread added: 0x0000000036948000
Event: 33.253 Thread 0x0000000036948000 Thread exited: 0x0000000036948000
Event: 33.253 Thread 0x0000000027c2b800 Thread exited: 0x0000000027c2b800
Event: 33.253 loading class sun/java2d/pipe/hw/AccelDeviceEventNotifier
Event: 33.253 loading class sun/java2d/pipe/hw/AccelDeviceEventNotifier done


Dynamic libraries:
0x00007ff73e830000 - 0x00007ff73e867000 	C:\Program Files\Java\jdk1.8.0_241\bin\javaw.exe
0x00007ffb7ae20000 - 0x00007ffb7b010000 	C:\WINDOWS\SYSTEM32\ntdll.dll
0x00007ffb7a5c0000 - 0x00007ffb7a672000 	C:\WINDOWS\System32\KERNEL32.DLL
0x00007ffb781f0000 - 0x00007ffb78493000 	C:\WINDOWS\System32\KERNELBASE.dll
0x00007ffb79480000 - 0x00007ffb79523000 	C:\WINDOWS\System32\ADVAPI32.dll
0x00007ffb7ad40000 - 0x00007ffb7adde000 	C:\WINDOWS\System32\msvcrt.dll
0x00007ffb78f50000 - 0x00007ffb78fe7000 	C:\WINDOWS\System32\sechost.dll
0x00007ffb79b50000 - 0x00007ffb79c70000 	C:\WINDOWS\System32\RPCRT4.dll
0x00007ffb79530000 - 0x00007ffb796c4000 	C:\WINDOWS\System32\USER32.dll
0x00007ffb78c20000 - 0x00007ffb78c41000 	C:\WINDOWS\System32\win32u.dll
0x00007ffb7a580000 - 0x00007ffb7a5a6000 	C:\WINDOWS\System32\GDI32.dll
0x00007ffb78c50000 - 0x00007ffb78de4000 	C:\WINDOWS\System32\gdi32full.dll
0x00007ffb78120000 - 0x00007ffb781be000 	C:\WINDOWS\System32\msvcp_win.dll
0x00007ffb77db0000 - 0x00007ffb77eaa000 	C:\WINDOWS\System32\ucrtbase.dll
0x00007ffb63f20000 - 0x00007ffb641a5000 	C:\WINDOWS\WinSxS\amd64_microsoft.windows.common-controls_6595b64144ccf1df_6.0.18362.778_none_e6c6b761130d4fb8\COMCTL32.dll
0x00007ffb7a750000 - 0x00007ffb7aa86000 	C:\WINDOWS\System32\combase.dll
0x00007ffb78e50000 - 0x00007ffb78ed0000 	C:\WINDOWS\System32\bcryptPrimitives.dll
0x00007ffb7aca0000 - 0x00007ffb7acce000 	C:\WINDOWS\System32\IMM32.DLL
0x0000000068bb0000 - 0x0000000068c82000 	C:\Program Files\Java\jdk1.8.0_241\jre\bin\msvcr100.dll
0x0000000065e40000 - 0x00000000666ec000 	C:\Program Files\Java\jdk1.8.0_241\jre\bin\server\jvm.dll
0x00007ffb7a5b0000 - 0x00007ffb7a5b8000 	C:\WINDOWS\System32\PSAPI.DLL
0x00007ffb72b20000 - 0x00007ffb72b2a000 	C:\WINDOWS\SYSTEM32\VERSION.dll
0x00007ffb75f30000 - 0x00007ffb75f54000 	C:\WINDOWS\SYSTEM32\WINMM.dll
0x00007ffb75f20000 - 0x00007ffb75f29000 	C:\WINDOWS\SYSTEM32\WSOCK32.dll
0x00007ffb7acd0000 - 0x00007ffb7ad3f000 	C:\WINDOWS\System32\WS2_32.dll
0x00007ffb75e00000 - 0x00007ffb75e2d000 	C:\WINDOWS\SYSTEM32\winmmbase.dll
0x00007ffb780d0000 - 0x00007ffb7811a000 	C:\WINDOWS\System32\cfgmgr32.dll
0x00007ffb70f50000 - 0x00007ffb70f5f000 	C:\Program Files\Java\jdk1.8.0_241\jre\bin\verify.dll
0x00007ffb70f20000 - 0x00007ffb70f49000 	C:\Program Files\Java\jdk1.8.0_241\jre\bin\java.dll
0x00007ffb65b50000 - 0x00007ffb65b66000 	C:\Program Files\Java\jdk1.8.0_241\jre\bin\zip.dll
0x00007ffb79e20000 - 0x00007ffb7a505000 	C:\WINDOWS\System32\SHELL32.dll
0x00007ffb79960000 - 0x00007ffb79a09000 	C:\WINDOWS\System32\shcore.dll
0x00007ffb784a0000 - 0x00007ffb78c20000 	C:\WINDOWS\System32\windows.storage.dll
0x00007ffb77d60000 - 0x00007ffb77d83000 	C:\WINDOWS\System32\profapi.dll
0x00007ffb77d10000 - 0x00007ffb77d5a000 	C:\WINDOWS\System32\powrprof.dll
0x00007ffb77ce0000 - 0x00007ffb77cf0000 	C:\WINDOWS\System32\UMPDC.dll
0x00007ffb7a520000 - 0x00007ffb7a572000 	C:\WINDOWS\System32\shlwapi.dll
0x00007ffb77cf0000 - 0x00007ffb77d01000 	C:\WINDOWS\System32\kernel.appcore.dll
0x00007ffb77f60000 - 0x00007ffb77f77000 	C:\WINDOWS\System32\cryptsp.dll
0x00007ffb36350000 - 0x00007ffb364ea000 	C:\Program Files\Java\jdk1.8.0_241\jre\bin\awt.dll
0x00007ffb79730000 - 0x00007ffb797f4000 	C:\WINDOWS\System32\OLEAUT32.dll
0x00007ffb75f90000 - 0x00007ffb7601f000 	C:\WINDOWS\SYSTEM32\apphelp.dll
0x00007ffb66270000 - 0x00007ffb6627c000 	C:\Program Files\Java\jdk1.8.0_241\jre\bin\jsound.dll
0x00007ffb65300000 - 0x00007ffb6530b000 	C:\Program Files\Java\jdk1.8.0_241\jre\bin\jsoundds.dll
0x00007ffb79800000 - 0x00007ffb79957000 	C:\WINDOWS\System32\ole32.dll
0x00007ffb423a0000 - 0x00007ffb42439000 	C:\WINDOWS\SYSTEM32\DSOUND.dll
0x00007ffb76060000 - 0x00007ffb760f9000 	C:\WINDOWS\system32\uxtheme.dll
0x00007ffb72b30000 - 0x00007ffb72ba2000 	C:\WINDOWS\SYSTEM32\MMDevAPI.DLL
0x00007ffb77ae0000 - 0x00007ffb77b0a000 	C:\WINDOWS\SYSTEM32\DEVOBJ.dll
0x00007ffb4cb20000 - 0x00007ffb4cb64000 	C:\WINDOWS\SYSTEM32\wdmaud.drv
0x00007ffb736b0000 - 0x00007ffb736ba000 	C:\WINDOWS\SYSTEM32\AVRT.dll
0x00007ffb6dc90000 - 0x00007ffb6dc99000 	C:\WINDOWS\SYSTEM32\ksuser.dll
0x00007ffb72dc0000 - 0x00007ffb72f1d000 	C:\WINDOWS\SYSTEM32\AUDIOSES.DLL
0x00007ffb736c0000 - 0x00007ffb73813000 	C:\WINDOWS\SYSTEM32\wintypes.dll
0x00007ffb65a80000 - 0x00007ffb65a8d000 	C:\WINDOWS\SYSTEM32\msacm32.drv
0x00007ffb61b10000 - 0x00007ffb61b2c000 	C:\WINDOWS\SYSTEM32\MSACM32.dll
0x00007ffb654a0000 - 0x00007ffb654aa000 	C:\WINDOWS\SYSTEM32\midimap.dll
0x00007ffb7abe0000 - 0x00007ffb7ac82000 	C:\WINDOWS\System32\clbcatq.dll
0x00007ffb76380000 - 0x00007ffb76394000 	C:\WINDOWS\SYSTEM32\resourcepolicyclient.dll
0x00007ffb76590000 - 0x00007ffb765bd000 	C:\WINDOWS\system32\DWMAPI.DLL
0x00007ffb40200000 - 0x00007ffb40356000 	C:\WINDOWS\system32\opengl32.dll
0x00007ffb566e0000 - 0x00007ffb5670c000 	C:\WINDOWS\SYSTEM32\GLU32.dll
0x00007ffb76950000 - 0x00007ffb76970000 	C:\WINDOWS\SYSTEM32\dxcore.dll
0x00007ffb79a10000 - 0x00007ffb79b46000 	C:\WINDOWS\System32\MSCTF.dll
0x00007ffb70a30000 - 0x00007ffb70bf7000 	C:\WINDOWS\system32\d3d9.dll
0x00007ffb708e0000 - 0x00007ffb709cf000 	C:\WINDOWS\System32\DriverStore\FileRepository\nv_dispi.inf_amd64_f5de485bfda7bb25\nvldumdx.dll
0x00007ffb77f80000 - 0x00007ffb780c9000 	C:\WINDOWS\System32\crypt32.dll
0x00007ffb77d90000 - 0x00007ffb77da2000 	C:\WINDOWS\System32\MSASN1.dll
0x00007ffb72ad0000 - 0x00007ffb72aff000 	C:\WINDOWS\SYSTEM32\cryptnet.dll
0x00007ffb77720000 - 0x00007ffb7772c000 	C:\WINDOWS\SYSTEM32\cryptbase.dll
0x00007ffb78df0000 - 0x00007ffb78e4c000 	C:\WINDOWS\System32\WINTRUST.DLL
0x00007ffb78ff0000 - 0x00007ffb7900d000 	C:\WINDOWS\System32\imagehlp.dll
0x00007ffb770c0000 - 0x00007ffb770f3000 	C:\WINDOWS\system32\rsaenh.dll
0x00007ffb781c0000 - 0x00007ffb781e6000 	C:\WINDOWS\System32\bcrypt.dll
0x00007ffb233c0000 - 0x00007ffb248c7000 	C:\WINDOWS\System32\DriverStore\FileRepository\nv_dispi.inf_amd64_f5de485bfda7bb25\nvd3dumx.dll
0x00007ffb47d50000 - 0x00007ffb48007000 	C:\WINDOWS\system32\nvspcap64.dll
0x00007ffb76d40000 - 0x00007ffb76d71000 	C:\WINDOWS\SYSTEM32\ntmarta.dll
0x00007ffb76900000 - 0x00007ffb76922000 	C:\WINDOWS\SYSTEM32\gpapi.dll
0x00007ffb5b260000 - 0x00007ffb5b2a9000 	C:\Program Files\Java\jdk1.8.0_241\jre\bin\fontmanager.dll
0x00007ffb65110000 - 0x00007ffb6512a000 	C:\Program Files\Java\jdk1.8.0_241\jre\bin\net.dll
0x00007ffb77550000 - 0x00007ffb775b7000 	C:\WINDOWS\system32\mswsock.dll
0x00007ffb650f0000 - 0x00007ffb65102000 	C:\Program Files\Java\jdk1.8.0_241\jre\bin\nio.dll
0x00007ffb6f500000 - 0x00007ffb6f59e000 	C:\WINDOWS\System32\TextInputFramework.dll
0x00007ffb758b0000 - 0x00007ffb75984000 	C:\WINDOWS\System32\CoreMessaging.dll
0x00007ffb72fb0000 - 0x00007ffb732da000 	C:\WINDOWS\System32\CoreUIComponents.dll
0x00007ffb691a0000 - 0x00007ffb69205000 	C:\WINDOWS\system32\Oleacc.dll
0x00007ffb6d9e0000 - 0x00007ffb6dc86000 	C:\WINDOWS\System32\iertutil.dll
0x00007ffb568f0000 - 0x00007ffb56932000 	C:\Program Files\Java\jdk1.8.0_241\jre\bin\t2k.dll
0x00007ffb644f0000 - 0x00007ffb646e4000 	C:\WINDOWS\SYSTEM32\dbghelp.dll

VM Arguments:
jvm_args: -Dfile.encoding=Cp1252 
java_command: animationGame.Main
java_class_path (initial): C:\Code\Java\ICS3U\gamej\bin
Launcher Type: SUN_STANDARD

Environment Variables:
JAVA_HOME=C:\Program Files\Java\jdk-11.0.6
PATH=C:/Program Files/Java/jre1.8.0_241/bin/server;C:/Program Files/Java/jre1.8.0_241/bin;C:/Program Files/Java/jre1.8.0_241/lib/amd64;C:\Program Files (x86)\Common Files\Oracle\Java\javapath;C:\Program Files (x86)\Intel\Intel(R) Management Engine Components\iCLS\;C:\Program Files\Intel\Intel(R) Management Engine Components\iCLS\;C:\Windows\system32;C:\Windows;C:\Windows\System32\Wbem;C:\Windows\System32\WindowsPowerShell\v1.0\;C:\Windows\System32\OpenSSH\;C:\Program Files (x86)\Intel\Intel(R) Management Engine Components\DAL;C:\Program Files\Intel\Intel(R) Management Engine Components\DAL;C:\Program Files (x86)\Intel\Intel(R) Management Engine Components\IPT;C:\Program Files\Intel\Intel(R) Management Engine Components\IPT;C:\Users\Public\frc2019\roborio\bin;C:\Users\Public\frc2019\frccode;C:\Program Files\nodejs\;C:\Program Files\Java\jdk-11.0.6\bin;C:\WINDOWS\system32;C:\WINDOWS;C:\WINDOWS\System32\Wbem;C:\WINDOWS\System32\WindowsPowerShell\v1.0\;C:\WINDOWS\System32\OpenSSH\;C:\Gradle\gradle-5.6.4\bin;C:\Users\rsninja\AppData\Local\Programs\Python\Python36;C:\Users\rsninja\AppData\Local\Programs\Python\Python36\Scripts;C:\MinGW\bin;C:\Program Files\Gource\cmd;C:\Users\Public\wpilib\2020\roborio\bin;C:\Users\Public\wpilib\2020\frccode;C:\Program Files (x86)\NVIDIA Corporation\PhysX\Common;C:\Program Files\NVIDIA Corporation\NVIDIA NvDLISR;C:\Program Files\ffmpeg\bin;C:\Users\rsninja\AppData\Local\Programs\Python\Python36\Scripts\;C:\Users\rsninja\AppData\Local\Programs\Python\Python36\;C:\Users\rsninja\AppData\Local\Microsoft\WindowsApps;C:\Users\Public\frc2019\roborio\bin;C:\Users\Public\frc2019\frccode;C:\Users\rsninja\AppData\Roaming\npm;C:\Users\rsninja\AppData\Local\Microsoft\WindowsApps;C:\Users\Public\wpilib\2020\roborio\bin;C:\Users\Public\wpilib\2020\frccode;C:\Users\rsninja\AppData\Local\Programs\Microsoft VS Code\bin;C:\Program Files\eclipse;
USERNAME=rsninja
OS=Windows_NT
PROCESSOR_IDENTIFIER=Intel64 Family 6 Model 158 Stepping 12, GenuineIntel



---------------  S Y S T E M  ---------------

OS: Windows 10.0 , 64 bit Build 18362 (10.0.18362.778)

CPU:total 6 (initial active 6) (6 cores per cpu, 1 threads per core) family 6 model 158 stepping 12, cmov, cx8, fxsr, mmx, sse, sse2, sse3, ssse3, sse4.1, sse4.2, popcnt, avx, avx2, aes, clmul, erms, rtm, 3dnowpref, lzcnt, tsc, tscinvbit, bmi1, bmi2, adx

Memory: 4k page, physical 33476352k(22726768k free), swap 38457088k(23149532k free)

vm_info: Java HotSpot(TM) 64-Bit Server VM (25.241-b07) for windows-amd64 JRE (1.8.0_241-b07), built on Dec 11 2019 10:21:40 by "rejava" with MS VC++ 10.0 (VS2010)

time: Tue Apr 28 13:13:19 2020
timezone: Eastern Daylight Time
elapsed time: 33 seconds (0d 0h 0m 33s)

